TN:
SF:app.js
FN:10,(anonymous_0)
FN:57,(anonymous_1)
FN:61,(anonymous_2)
FN:65,(anonymous_3)
FN:75,(anonymous_4)
FN:79,(anonymous_5)
FN:81,(anonymous_6)
FN:92,(anonymous_7)
FN:95,(anonymous_8)
FN:99,(anonymous_9)
FNF:10
FNH:10
FNDA:10,(anonymous_0)
FNDA:1,(anonymous_1)
FNDA:1,(anonymous_2)
FNDA:1,(anonymous_3)
FNDA:1,(anonymous_4)
FNDA:2,(anonymous_5)
FNDA:2,(anonymous_6)
FNDA:1,(anonymous_7)
FNDA:1,(anonymous_8)
FNDA:1,(anonymous_9)
DA:1,2
DA:2,2
DA:3,2
DA:4,2
DA:6,2
DA:7,2
DA:9,2
DA:10,10
DA:11,2
DA:12,2
DA:15,2
DA:20,2
DA:25,2
DA:27,2
DA:28,2
DA:51,2
DA:52,2
DA:53,2
DA:55,2
DA:57,2
DA:58,1
DA:61,2
DA:62,1
DA:65,2
DA:66,1
DA:75,2
DA:76,1
DA:79,2
DA:80,2
DA:81,2
DA:82,2
DA:83,1
DA:84,1
DA:87,1
DA:91,2
DA:92,2
DA:95,2
DA:96,1
DA:99,2
DA:100,1
DA:101,1
DA:104,2
DA:105,2
LF:43
LH:43
BRDA:11,0,0,2
BRDA:11,0,1,0
BRDA:70,1,0,1
BRDA:70,1,1,0
BRDA:82,2,0,1
BRDA:82,2,1,1
BRDA:83,3,0,1
BRDA:83,3,1,1
BRDA:83,3,2,0
BRDA:91,4,0,2
BRDA:91,4,1,0
BRF:11
BRH:7
end_of_record
TN:
SF:server.js
FN:3,getPort
FN:7,(anonymous_1)
FN:9,(anonymous_2)
FNF:3
FNH:3
FNDA:2,getPort
FNDA:1,(anonymous_1)
FNDA:1,(anonymous_2)
DA:1,1
DA:4,2
DA:7,1
DA:8,1
DA:9,1
DA:10,1
DA:12,1
DA:15,1
LF:8
LH:8
BRDA:4,0,0,2
BRDA:4,0,1,1
BRF:2
BRH:2
end_of_record
TN:
SF:start.js
FNF:0
FNH:0
DA:1,1
DA:3,1
DA:5,1
LF:3
LH:3
BRF:0
BRH:0
end_of_record
TN:
SF:middleware\db_connect.js
FNF:0
FNH:0
DA:1,2
DA:3,2
DA:13,2
LF:3
LH:3
BRDA:4,0,0,2
BRDA:4,0,1,2
BRDA:5,1,0,2
BRDA:5,1,1,2
BRDA:6,2,0,2
BRDA:6,2,1,2
BRDA:7,3,0,2
BRDA:7,3,1,2
BRF:8
BRH:8
end_of_record
TN:
SF:middleware\logger.js
FN:2,(anonymous_0)
FNF:1
FNH:1
FNDA:9,(anonymous_0)
DA:2,2
DA:3,9
DA:4,9
DA:5,9
DA:8,2
LF:5
LH:5
BRF:0
BRH:0
end_of_record
TN:
SF:public\scripts\app.js
FN:6,(anonymous_0)
FN:14,(anonymous_1)
FN:41,(anonymous_2)
FN:44,(anonymous_3)
FNF:4
FNH:4
FNDA:9,(anonymous_0)
FNDA:10,(anonymous_1)
FNDA:1,(anonymous_2)
FNDA:1,(anonymous_3)
DA:1,5
DA:6,5
DA:7,9
DA:8,9
DA:9,1
DA:11,8
DA:14,5
DA:15,10
DA:16,10
DA:17,10
DA:18,10
DA:19,1
DA:22,9
DA:23,9
DA:25,9
DA:26,9
DA:28,8
DA:30,8
DA:31,8
DA:32,8
DA:34,1
DA:35,1
DA:36,1
DA:37,1
DA:41,5
DA:42,1
DA:43,1
DA:44,1
DA:45,1
DA:48,5
DA:49,5
DA:52,5
DA:53,5
LF:33
LH:33
BRDA:8,0,0,1
BRDA:8,0,1,8
BRDA:18,1,0,1
BRDA:18,1,1,9
BRDA:18,2,0,10
BRDA:18,2,1,9
BRDA:18,2,2,9
BRDA:28,3,0,8
BRDA:28,3,1,3
BRDA:29,4,0,0
BRDA:29,4,1,3
BRDA:34,5,0,1
BRDA:34,5,1,0
BRDA:48,6,0,5
BRDA:48,6,1,0
BRDA:48,7,0,5
BRDA:48,7,1,5
BRDA:52,8,0,5
BRDA:52,8,1,0
BRDA:52,9,0,5
BRDA:52,9,1,5
BRF:21
BRH:17
end_of_record
