{"C:\\Users\\virus\\Downloads\\Training Devops coba2\\simple-apps\\app.js": {"path":"C:\\Users\\virus\\Downloads\\Training Devops coba2\\simple-apps\\app.js","statementMap":{"0":{"start":{"line":1,"column":16},"end":{"line":1,"column":34}},"1":{"start":{"line":2,"column":15},"end":{"line":2,"column":32}},"2":{"start":{"line":3,"column":13},"end":{"line":3,"column":33}},"3":{"start":{"line":4,"column":0},"end":{"line":4,"column":27}},"4":{"start":{"line":6,"column":15},"end":{"line":6,"column":45}},"5":{"start":{"line":7,"column":13},"end":{"line":7,"column":47}},"6":{"start":{"line":9,"column":20},"end":{"line":9,"column":76}},"7":{"start":{"line":10,"column":19},"end":{"line":10,"column":75}},"8":{"start":{"line":10,"column":52},"end":{"line":10,"column":74}},"9":{"start":{"line":11,"column":0},"end":{"line":13,"column":1}},"10":{"start":{"line":12,"column":2},"end":{"line":12,"column":83}},"11":{"start":{"line":15,"column":20},"end":{"line":19,"column":1}},"12":{"start":{"line":20,"column":22},"end":{"line":23,"column":1}},"13":{"start":{"line":25,"column":12},"end":{"line":25,"column":21}},"14":{"start":{"line":27,"column":0},"end":{"line":27,"column":28}},"15":{"start":{"line":28,"column":0},"end":{"line":49,"column":2}},"16":{"start":{"line":51,"column":0},"end":{"line":51,"column":24}},"17":{"start":{"line":52,"column":0},"end":{"line":52,"column":49}},"18":{"start":{"line":53,"column":0},"end":{"line":53,"column":16}},"19":{"start":{"line":55,"column":0},"end":{"line":55,"column":61}},"20":{"start":{"line":57,"column":0},"end":{"line":59,"column":3}},"21":{"start":{"line":58,"column":2},"end":{"line":58,"column":46}},"22":{"start":{"line":61,"column":0},"end":{"line":63,"column":3}},"23":{"start":{"line":62,"column":2},"end":{"line":62,"column":45}},"24":{"start":{"line":65,"column":0},"end":{"line":73,"column":3}},"25":{"start":{"line":66,"column":2},"end":{"line":72,"column":5}},"26":{"start":{"line":75,"column":0},"end":{"line":77,"column":3}},"27":{"start":{"line":76,"column":2},"end":{"line":76,"column":24}},"28":{"start":{"line":79,"column":0},"end":{"line":89,"column":3}},"29":{"start":{"line":80,"column":14},"end":{"line":80,"column":54}},"30":{"start":{"line":81,"column":2},"end":{"line":88,"column":5}},"31":{"start":{"line":82,"column":4},"end":{"line":85,"column":5}},"32":{"start":{"line":83,"column":6},"end":{"line":83,"column":80}},"33":{"start":{"line":84,"column":6},"end":{"line":84,"column":49}},"34":{"start":{"line":87,"column":4},"end":{"line":87,"column":22}},"35":{"start":{"line":91,"column":0},"end":{"line":93,"column":1}},"36":{"start":{"line":92,"column":2},"end":{"line":92,"column":69}},"37":{"start":{"line":92,"column":44},"end":{"line":92,"column":67}},"38":{"start":{"line":95,"column":0},"end":{"line":97,"column":3}},"39":{"start":{"line":96,"column":2},"end":{"line":96,"column":58}},"40":{"start":{"line":99,"column":0},"end":{"line":102,"column":3}},"41":{"start":{"line":100,"column":2},"end":{"line":100,"column":23}},"42":{"start":{"line":101,"column":2},"end":{"line":101,"column":61}},"43":{"start":{"line":104,"column":0},"end":{"line":104,"column":30}},"44":{"start":{"line":105,"column":0},"end":{"line":105,"column":21}}},"fnMap":{"0":{"name":"(anonymous_0)","decl":{"start":{"line":10,"column":38},"end":{"line":10,"column":39}},"loc":{"start":{"line":10,"column":52},"end":{"line":10,"column":74}},"line":10},"1":{"name":"(anonymous_1)","decl":{"start":{"line":57,"column":17},"end":{"line":57,"column":18}},"loc":{"start":{"line":57,"column":31},"end":{"line":59,"column":1}},"line":57},"2":{"name":"(anonymous_2)","decl":{"start":{"line":61,"column":17},"end":{"line":61,"column":18}},"loc":{"start":{"line":61,"column":31},"end":{"line":63,"column":1}},"line":61},"3":{"name":"(anonymous_3)","decl":{"start":{"line":65,"column":19},"end":{"line":65,"column":20}},"loc":{"start":{"line":65,"column":34},"end":{"line":73,"column":1}},"line":65},"4":{"name":"(anonymous_4)","decl":{"start":{"line":75,"column":17},"end":{"line":75,"column":18}},"loc":{"start":{"line":75,"column":32},"end":{"line":77,"column":1}},"line":75},"5":{"name":"(anonymous_5)","decl":{"start":{"line":79,"column":18},"end":{"line":79,"column":19}},"loc":{"start":{"line":79,"column":38},"end":{"line":89,"column":1}},"line":79},"6":{"name":"(anonymous_6)","decl":{"start":{"line":81,"column":18},"end":{"line":81,"column":19}},"loc":{"start":{"line":81,"column":38},"end":{"line":88,"column":3}},"line":81},"7":{"name":"(anonymous_7)","decl":{"start":{"line":92,"column":22},"end":{"line":92,"column":23}},"loc":{"start":{"line":92,"column":44},"end":{"line":92,"column":67}},"line":92},"8":{"name":"(anonymous_8)","decl":{"start":{"line":95,"column":8},"end":{"line":95,"column":9}},"loc":{"start":{"line":95,"column":22},"end":{"line":97,"column":1}},"line":95},"9":{"name":"(anonymous_9)","decl":{"start":{"line":99,"column":8},"end":{"line":99,"column":9}},"loc":{"start":{"line":99,"column":36},"end":{"line":102,"column":1}},"line":99}},"branchMap":{"0":{"loc":{"start":{"line":11,"column":0},"end":{"line":13,"column":1}},"type":"if","locations":[{"start":{"line":11,"column":0},"end":{"line":13,"column":1}},{"start":{},"end":{}}],"line":11},"1":{"loc":{"start":{"line":70,"column":9},"end":{"line":70,"column":46}},"type":"binary-expr","locations":[{"start":{"line":70,"column":9},"end":{"line":70,"column":29}},{"start":{"line":70,"column":33},"end":{"line":70,"column":46}}],"line":70},"2":{"loc":{"start":{"line":82,"column":4},"end":{"line":85,"column":5}},"type":"if","locations":[{"start":{"line":82,"column":4},"end":{"line":85,"column":5}},{"start":{},"end":{}}],"line":82},"3":{"loc":{"start":{"line":83,"column":42},"end":{"line":83,"column":78}},"type":"binary-expr","locations":[{"start":{"line":83,"column":42},"end":{"line":83,"column":52}},{"start":{"line":83,"column":56},"end":{"line":83,"column":69}},{"start":{"line":83,"column":73},"end":{"line":83,"column":78}}],"line":83},"4":{"loc":{"start":{"line":91,"column":0},"end":{"line":93,"column":1}},"type":"if","locations":[{"start":{"line":91,"column":0},"end":{"line":93,"column":1}},{"start":{},"end":{}}],"line":91}},"s":{"0":1,"1":1,"2":1,"3":1,"4":1,"5":1,"6":1,"7":1,"8":5,"9":1,"10":1,"11":1,"12":1,"13":1,"14":1,"15":1,"16":1,"17":1,"18":1,"19":1,"20":1,"21":1,"22":1,"23":1,"24":1,"25":1,"26":1,"27":1,"28":1,"29":2,"30":2,"31":2,"32":1,"33":1,"34":1,"35":1,"36":1,"37":1,"38":1,"39":1,"40":1,"41":1,"42":1,"43":1,"44":1},"f":{"0":5,"1":1,"2":1,"3":1,"4":1,"5":2,"6":2,"7":1,"8":1,"9":1},"b":{"0":[1,0],"1":[1,0],"2":[1,1],"3":[1,1,0],"4":[1,0]},"_coverageSchema":"1a1c01bbd47fc00a2c39e90264f33305004495a9","hash":"814ca8990a6161aa9f6759fde99cd57638ae0ede"}
,"C:\\Users\\virus\\Downloads\\Training Devops coba2\\simple-apps\\middleware\\db_connect.js": {"path":"C:\\Users\\virus\\Downloads\\Training Devops coba2\\simple-apps\\middleware\\db_connect.js","statementMap":{"0":{"start":{"line":1,"column":14},"end":{"line":1,"column":30}},"1":{"start":{"line":3,"column":13},"end":{"line":11,"column":2}},"2":{"start":{"line":13,"column":0},"end":{"line":13,"column":22}}},"fnMap":{},"branchMap":{"0":{"loc":{"start":{"line":4,"column":8},"end":{"line":4,"column":42}},"type":"binary-expr","locations":[{"start":{"line":4,"column":8},"end":{"line":4,"column":27}},{"start":{"line":4,"column":31},"end":{"line":4,"column":42}}],"line":4},"1":{"loc":{"start":{"line":5,"column":8},"end":{"line":5,"column":37}},"type":"binary-expr","locations":[{"start":{"line":5,"column":8},"end":{"line":5,"column":27}},{"start":{"line":5,"column":31},"end":{"line":5,"column":37}}],"line":5},"2":{"loc":{"start":{"line":6,"column":12},"end":{"line":6,"column":37}},"type":"binary-expr","locations":[{"start":{"line":6,"column":12},"end":{"line":6,"column":31}},{"start":{"line":6,"column":35},"end":{"line":6,"column":37}}],"line":6},"3":{"loc":{"start":{"line":7,"column":12},"end":{"line":7,"column":43}},"type":"binary-expr","locations":[{"start":{"line":7,"column":12},"end":{"line":7,"column":31}},{"start":{"line":7,"column":35},"end":{"line":7,"column":43}}],"line":7}},"s":{"0":1,"1":1,"2":1},"f":{},"b":{"0":[1,1],"1":[1,1],"2":[1,1],"3":[1,1]},"_coverageSchema":"1a1c01bbd47fc00a2c39e90264f33305004495a9","hash":"9752ea413ca1f5ca4c0931675a0bf9261aa15d79"}
,"C:\\Users\\virus\\Downloads\\Training Devops coba2\\simple-apps\\middleware\\logger.js": {"path":"C:\\Users\\virus\\Downloads\\Training Devops coba2\\simple-apps\\middleware\\logger.js","statementMap":{"0":{"start":{"line":2,"column":15},"end":{"line":6,"column":1}},"1":{"start":{"line":3,"column":22},"end":{"line":3,"column":46}},"2":{"start":{"line":4,"column":4},"end":{"line":4,"column":104}},"3":{"start":{"line":5,"column":4},"end":{"line":5,"column":11}},"4":{"start":{"line":8,"column":0},"end":{"line":8,"column":24}}},"fnMap":{"0":{"name":"(anonymous_0)","decl":{"start":{"line":2,"column":15},"end":{"line":2,"column":16}},"loc":{"start":{"line":2,"column":35},"end":{"line":6,"column":1}},"line":2}},"branchMap":{},"s":{"0":1,"1":9,"2":9,"3":9,"4":1},"f":{"0":9},"b":{},"_coverageSchema":"1a1c01bbd47fc00a2c39e90264f33305004495a9","hash":"710ef65116a712c029a5280a04f41d79fbb98838"}
}
