TN:
SF:app.js
FN:10,(anonymous_0)
FN:57,(anonymous_1)
FN:61,(anonymous_2)
FN:65,(anonymous_3)
FN:75,(anonymous_4)
FN:79,(anonymous_5)
FN:81,(anonymous_6)
FN:92,(anonymous_7)
FN:95,(anonymous_8)
FN:99,(anonymous_9)
FNF:10
FNH:10
FNDA:5,(anonymous_0)
FNDA:1,(anonymous_1)
FNDA:1,(anonymous_2)
FNDA:1,(anonymous_3)
FNDA:1,(anonymous_4)
FNDA:2,(anonymous_5)
FNDA:2,(anonymous_6)
FNDA:1,(anonymous_7)
FNDA:1,(anonymous_8)
FNDA:1,(anonymous_9)
DA:1,1
DA:2,1
DA:3,1
DA:4,1
DA:6,1
DA:7,1
DA:9,1
DA:10,5
DA:11,1
DA:12,1
DA:15,1
DA:20,1
DA:25,1
DA:27,1
DA:28,1
DA:51,1
DA:52,1
DA:53,1
DA:55,1
DA:57,1
DA:58,1
DA:61,1
DA:62,1
DA:65,1
DA:66,1
DA:75,1
DA:76,1
DA:79,1
DA:80,2
DA:81,2
DA:82,2
DA:83,1
DA:84,1
DA:87,1
DA:91,1
DA:92,1
DA:95,1
DA:96,1
DA:99,1
DA:100,1
DA:101,1
DA:104,1
DA:105,1
LF:43
LH:43
BRDA:11,0,0,1
BRDA:11,0,1,0
BRDA:70,1,0,1
BRDA:70,1,1,0
BRDA:82,2,0,1
BRDA:82,2,1,1
BRDA:83,3,0,1
BRDA:83,3,1,1
BRDA:83,3,2,0
BRDA:91,4,0,1
BRDA:91,4,1,0
BRF:11
BRH:7
end_of_record
TN:
SF:middleware\db_connect.js
FNF:0
FNH:0
DA:1,1
DA:3,1
DA:13,1
LF:3
LH:3
BRDA:4,0,0,1
BRDA:4,0,1,1
BRDA:5,1,0,1
BRDA:5,1,1,1
BRDA:6,2,0,1
BRDA:6,2,1,1
BRDA:7,3,0,1
BRDA:7,3,1,1
BRF:8
BRH:8
end_of_record
TN:
SF:middleware\logger.js
FN:2,(anonymous_0)
FNF:1
FNH:1
FNDA:9,(anonymous_0)
DA:2,1
DA:3,9
DA:4,9
DA:5,9
DA:8,1
LF:5
LH:5
BRF:0
BRH:0
end_of_record
